<?xml version="1.0" encoding="UTF-8"?>
<!-- Generated by org.testng.reporters.JUnitXMLReporter -->
<testsuite ignored="0" hostname="Ameet" failures="0" tests="15" name="Test" time="53.3" errors="0" timestamp="2024-08-27T16:09:40 IST">
  <testcase classname="testcases.doctor_testcase" name="@BeforeClass initBrowser" time="0.075">
    <failure type="java.lang.NullPointerException" message="Cannot invoke &amp;quot;java.util.Map.get(Object)&amp;quot; because &amp;quot;this.configData&amp;quot; is null">
      <![CDATA[java.lang.NullPointerException: Cannot invoke "java.util.Map.get(Object)" because "this.configData" is null
at testcases.doctor_testcase.initBrowser(doctor_testcase.java:32)
at java.base/java.util.concurrent.ThreadPoolExecutor.runWorker(ThreadPoolExecutor.java:1136)
at java.base/java.util.concurrent.ThreadPoolExecutor$Worker.run(ThreadPoolExecutor.java:635)
at java.base/java.lang.Thread.run(Thread.java:833)
... Removed 10 stack frames]]>
    </failure>
  </testcase> <!-- @BeforeClass initBrowser -->
  <testcase classname="testcases.doctor_testcase" name="@AfterClass tearDown" time="0.001">
    <failure type="java.lang.NullPointerException" message="Cannot invoke &amp;quot;org.openqa.selenium.WebDriver.quit()&amp;quot; because &amp;quot;this.driver&amp;quot; is null">
      <![CDATA[java.lang.NullPointerException: Cannot invoke "org.openqa.selenium.WebDriver.quit()" because "this.driver" is null
at coreUtilities.testbase.TestBase.browserTearDown(TestBase.java:103)
at testcases.doctor_testcase.tearDown(doctor_testcase.java:259)
at java.base/java.util.concurrent.ThreadPoolExecutor.runWorker(ThreadPoolExecutor.java:1136)
at java.base/java.util.concurrent.ThreadPoolExecutor$Worker.run(ThreadPoolExecutor.java:635)
at java.base/java.lang.Thread.run(Thread.java:833)
... Removed 11 stack frames]]>
    </failure>
  </testcase> <!-- @AfterClass tearDown -->
  <testcase classname="testcases.doctor_testcase" name="verifyTitleOfTheHomePage" time="0.001">
    <skipped/>
  </testcase> <!-- verifyTitleOfTheHomePage -->
  <testcase classname="testcases.doctor_testcase" name="verifyAllSubModulesArePresent" time="0.0">
    <skipped/>
  </testcase> <!-- verifyAllSubModulesArePresent -->
  <testcase classname="testcases.doctor_testcase" name="validateTheCheckBox" time="0.0">
    <skipped/>
  </testcase> <!-- validateTheCheckBox -->
  <testcase classname="testcases.doctor_testcase" name="selectNEUROSURGERYFromDepartmentDropdownAndVerifySelection" time="0.0">
    <skipped/>
  </testcase> <!-- selectNEUROSURGERYFromDepartmentDropdownAndVerifySelection -->
  <testcase classname="testcases.doctor_testcase" name="verifyTheButtonsArePresentOrNot" time="0.0">
    <skipped/>
  </testcase> <!-- verifyTheButtonsArePresentOrNot -->
  <testcase classname="testcases.doctor_testcase" name="verifyTitleOfTheForm" time="0.0">
    <skipped/>
  </testcase> <!-- verifyTitleOfTheForm -->
  <testcase classname="testcases.doctor_testcase" name="verifyTheName" time="0.0">
    <skipped/>
  </testcase> <!-- verifyTheName -->
  <testcase classname="testcases.doctor_testcase" name="verifyTheErrorMessage" time="0.001">
    <skipped/>
  </testcase> <!-- verifyTheErrorMessage -->
  <testcase classname="testcases.doctor_testcase" name="performScrollingOpertaionAndVerifyThePresenceOfButton" time="0.0">
    <skipped/>
  </testcase> <!-- performScrollingOpertaionAndVerifyThePresenceOfButton -->
  <testcase classname="testcases.doctor_testcase" name="highlightElement" time="0.0">
    <skipped/>
  </testcase> <!-- highlightElement -->
  <testcase classname="testcases.doctor_testcase" name="verifyThePlaceHolderName" time="0.0">
    <skipped/>
  </testcase> <!-- verifyThePlaceHolderName -->
  <testcase classname="testcases.doctor_testcase" name="validateTheEnteredValue" time="0.0">
    <skipped/>
  </testcase> <!-- validateTheEnteredValue -->
  <testcase classname="testcases.doctor_testcase" name="verifyTheRadioButton" time="0.0">
    <skipped/>
  </testcase> <!-- verifyTheRadioButton -->
  <testcase classname="testcases.doctor_testcase" name="performJavaScriptOperations" time="0.0">
    <skipped/>
  </testcase> <!-- performJavaScriptOperations -->
  <testcase classname="testcases.doctor_testcase" name="verifyTheNotificationPopupErrorMessage" time="0.003">
    <skipped/>
  </testcase> <!-- verifyTheNotificationPopupErrorMessage -->
</testsuite> <!-- Test -->
